`define OPR_I     4'd0
`define OPR_PC     4'd1
`define OPR_S8     4'd2
`define OPR_U16     4'd3
`define OPR_BC     4'd4
`define OPR_DE     4'd5
`define OPR_SP     4'd6
`define OPR_AF     4'd7
`define OPR_B     4'd8
`define OPR_C     4'd9
`define OPR_D     4'd10
`define OPR_E     4'd11
`define OPR_H     4'd12
`define OPR_L     4'd13
`define OPR_HL     4'd14
`define OPR_A     4'd15

`define GRP_SPC     4'd0
`define GRP_MOV     4'd1
`define GRP_INC     4'd2
`define GRP_DEC     4'd3
`define GRP_ALU     4'd4
`define GRP_BIT     4'd5
`define GRP_JMP     4'd6
`define GRP____     4'd7
`define GRP_MST     4'd8
`define GRP_MLD     4'd9
`define GRP_MIC     4'd10
`define GRP_MDC     4'd11
`define GRP_MLU     4'd12
`define GRP_MBT     4'd13
`define GRP_CLL     4'd14
`define GRP_RET     4'd15

`define DEC_SZE     15:14
`define DEC_LAT     13:12
`define DEC_DST     11:8
`define DEC_SRC     7:4
`define DEC_GRP     3:0

